MPASM 5.54                      LABFINAL.ASM   12-24-2024  10:26:55         PAGE  1


LOC  OBJECT CODE     LINE SOURCE TEXT
  VALUE

Warning[205]: Found directive in column 1. (LIST)
                      00001 LIST P=18F452
                      00002 #include <P18F452.INC>
                      00001         LIST
                      00002 
                      00003 ;==========================================================================
                      00004 ;  MPASM PIC18F452 processor include
                      00005 ; 
                      00006 ;  (c) Copyright 1999-2013 Microchip Technology, All rights reserved
                      00007 ;==========================================================================
                      00008 
                      01254         LIST
                      00003 
                      00004 ; Define Registers
  00000020            00005 TEMP EQU 0x20              ; Temporary register
  00000021            00006 DELAY_COUNT EQU 0x21       ; Delay counter
                      00007 
                      00008 ; Define Ports and Bits
  00000F81            00009 RED_LIGHT EQU PORTB      ; Red LED on RB0
  00000F81            00010 YELLOW_LIGHT EQU PORTB   ; Yellow LED on RB1
  00000F81            00011 GREEN_LIGHT EQU PORTB    ; Green LED on RB2
  00000F81            00012 PED_SIGNAL EQU PORTB     ; Pedestrian LED on RB3
  00000F80            00013 EMERGENCY_BUTTON EQU PORTA ; Emergency button on RA0
  00000F80            00014 PED_BUTTON EQU PORTA     ; Pedestrian button on RA1
                      00015 
                      00016 ; Initialize Variables
Warning[205]: Found directive in column 1. (ORG)
                      00017 ORG 0x00
000000 EF?? F???      00018     GOTO MAIN              ; Jump to main program
                      00019 
                      00020 ; Interrupt Vector
Warning[205]: Found directive in column 1. (ORG)
                      00021 ORG 0x08
000008 EF?? F???      00022     GOTO ISR               ; Jump to interrupt service routine
                      00023 
                      00024 ; Main Program
00000C                00025 MAIN:
00000C 6A81           00026     CLRF PORTB             ; Clear PORTB
00000E 6A80           00027     CLRF PORTA             ; Clear PORTA
000010 0E03           00028     MOVLW 0x03             ; Configure PORTA<1:0> as input
000012 6E92           00029     MOVWF TRISA
000014 0EF0           00030     MOVLW 0xF0             ; Configure PORTB<4:0> as output
000016 6E93           00031     MOVWF TRISB
                      00032 
000018 EC?? F???      00033     CALL INIT_TIMER0       ; Initialize Timer0
00001C 8EF2           00034     BSF INTCON, GIE        ; Enable global interrupts
00001E 8CF2           00035     BSF INTCON, PEIE       ; Enable peripheral interrupts
000020 8CF1           00036     BSF INTCON2, INTEDG0   ; Interrupt on rising edge for INT0
000022 8AF1           00037     BSF INTCON2, INTEDG1   ; Interrupt on rising edge for INT1
000024 86F0           00038     BSF INTCON3, INT1E     ; Enable INT1 interrupt (Pedestrian button)
000026 88F2           00039     BSF INTCON, INT0E      ; Enable INT0 interrupt (Emergency button)
                      00040 
000028                00041 NORMAL_SEQUENCE:
MPASM 5.54                      LABFINAL.ASM   12-24-2024  10:26:55         PAGE  2


LOC  OBJECT CODE     LINE SOURCE TEXT
  VALUE

                      00042     ; Green Light ON for 5 seconds
000028 8481           00043     BSF PORTB, 2           ; Turn on Green LED
00002A EC?? F???      00044     CALL DELAY_5S
00002E 9481           00045     BCF PORTB, 2           ; Turn off Green LED
                      00046 
                      00047     ; Yellow Light ON for 3 seconds
000030 8281           00048     BSF PORTB, 1           ; Turn on Yellow LED
000032 EC?? F???      00049     CALL DELAY_3S
000036 9281           00050     BCF PORTB, 1           ; Turn off Yellow LED
                      00051 
                      00052     ; Red Light ON for 4 seconds
000038 8081           00053     BSF PORTB, 0           ; Turn on Red LED
00003A EC?? F???      00054     CALL DELAY_4S
00003E 9081           00055     BCF PORTB, 0           ; Turn off Red LED
                      00056 
000040 EF?? F???      00057     GOTO NORMAL_SEQUENCE
                      00058 
000044                00059 PEDESTRIAN_MODE:
000044 8681           00060     BSF PORTB, 3           ; Turn on Pedestrian LED
000046 EC?? F???      00061     CALL DELAY_5S          ; Pedestrian signal for 5 seconds
00004A 9681           00062     BCF PORTB, 3           ; Turn off Pedestrian LED
00004C EF?? F???      00063     GOTO NORMAL_SEQUENCE
                      00064 
000050                00065 EMERGENCY_MODE:
000050 8081           00066     BSF PORTB, 0           ; Turn on Red LED
000052 9281           00067     BCF PORTB, 1           ; Turn off Yellow LED
000054 9481           00068     BCF PORTB, 2           ; Turn off Green LED
000056 8681           00069     BSF PORTB, 3           ; Keep Pedestrian LED ON
000058                00070 WAIT_EMERGENCY:
000058 B080           00071     BTFSC PORTA, 0         ; Wait for Emergency Button to be released
00005A EF?? F???      00072     GOTO WAIT_EMERGENCY
00005E EF?? F???      00073     GOTO NORMAL_SEQUENCE
                      00074 
                      00075 ; Timer0 Initialization
000062                00076 INIT_TIMER0:
000062 0E87           00077     MOVLW 0x87             ; Configure Timer0: Prescaler 1:64
000064 6ED5           00078     MOVWF T0CON
000066 0012           00079     RETURN
                      00080 
                      00081 ; Interruptible Delays
000068                00082 DELAY_5S:
000068 0E50           00083     MOVLW 50               ; 5 seconds = 50 x 100ms
00006A 6E21           00084     MOVWF DELAY_COUNT
00006C                00085 DELAY_LOOP_5S:
00006C EC?? F???      00086     CALL TIMER_DELAY
000070 2E21           00087     DECFSZ DELAY_COUNT, F
000072 EF?? F???      00088     GOTO DELAY_LOOP_5S
000076 0012           00089     RETURN
                      00090 
000078                00091 DELAY_3S:
000078 0E30           00092     MOVLW 30               ; 3 seconds = 30 x 100ms
00007A 6E21           00093     MOVWF DELAY_COUNT
00007C                00094 DELAY_LOOP_3S:
MPASM 5.54                      LABFINAL.ASM   12-24-2024  10:26:55         PAGE  3


LOC  OBJECT CODE     LINE SOURCE TEXT
  VALUE

00007C EC?? F???      00095     CALL TIMER_DELAY
000080 2E21           00096     DECFSZ DELAY_COUNT, F
000082 EF?? F???      00097     GOTO DELAY_LOOP_3S
000086 0012           00098     RETURN
                      00099 
000088                00100 DELAY_4S:
000088 0E40           00101     MOVLW 40               ; 4 seconds = 40 x 100ms
00008A 6E21           00102     MOVWF DELAY_COUNT
00008C                00103 DELAY_LOOP_4S:
00008C EC?? F???      00104     CALL TIMER_DELAY
000090 2E21           00105     DECFSZ DELAY_COUNT, F
000092 EF?? F???      00106     GOTO DELAY_LOOP_4S
000096 0012           00107     RETURN
                      00108 
                      00109 ; 100ms Delay with Button Check
000098                00110 TIMER_DELAY:
000098 0EC2           00111     MOVLW 0xC2             ; Load high byte of TMR0
00009A 6ED7           00112     MOVWF TMR0H
00009C 0EF7           00113     MOVLW 0xF7             ; Load low byte of TMR0
00009E 6ED6           00114     MOVWF TMR0L
0000A0 94F2           00115     BCF INTCON, TMR0IF     ; Clear Timer0 Overflow Flag
0000A2 8ED5           00116     BSF T0CON, TMR0ON      ; Start Timer0
0000A4                00117 WAIT_LOOP:
0000A4 A4F2           00118     BTFSS INTCON, TMR0IF   ; Wait for Timer0 overflow
0000A6 EF?? F???      00119     GOTO WAIT_LOOP
0000AA 94F2           00120     BCF INTCON, TMR0IF     ; Clear Timer0 overflow flag
0000AC 0012           00121     RETURN
                      00122 
                      00123 ; Interrupt Service Routine
0000AE                00124 ISR:
0000AE B2F2           00125     BTFSC INTCON, INT0IF   ; Check for Emergency Button interrupt
0000B0 EF?? F???      00126     GOTO EMERGENCY_MODE
0000B4 B0F0           00127     BTFSC INTCON3, INT1IF  ; Check for Pedestrian Button interrupt
0000B6 EF?? F???      00128     GOTO PEDESTRIAN_MODE
0000BA 92F2           00129     BCF INTCON, INT0IF     ; Clear INT0 flag
0000BC 90F0           00130     BCF INTCON3, INT1IF    ; Clear INT1 flag
0000BE 0010           00131     RETFIE
                      00132 
Warning[205]: Found directive in column 1. (END)
                      00133 END
MPASM 5.54                      LABFINAL.ASM   12-24-2024  10:26:55         PAGE  4


SYMBOL TABLE
  LABEL                             VALUE 

A                                 00000000
ACCESS                            00000000
ACKDT                             00000005
ACKEN                             00000004
ACKSTAT                           00000006
ADCON0                            00000FC2
ADCON1                            00000FC1
ADCS0                             00000006
ADCS1                             00000007
ADCS2                             00000006
ADDEN                             00000003
ADFM                              00000007
ADIE                              00000006
ADIF                              00000006
ADIP                              00000006
ADON                              00000000
ADRES                             00000FC3
ADRESH                            00000FC4
ADRESL                            00000FC3
AN0                               00000000
AN1                               00000001
AN2                               00000002
AN3                               00000003
AN4                               00000005
AN5                               00000000
AN6                               00000001
AN7                               00000002
BANKED                            00000001
BCLIE                             00000003
BCLIF                             00000003
BCLIP                             00000003
BF                                00000000
BOR                               00000000
BRGH                              00000002
BSR                               00000FE0
C                                 00000000
CCP1                              00000002
CCP1CON                           00000FBD
CCP1IE                            00000002
CCP1IF                            00000002
CCP1IP                            00000002
CCP1M0                            00000000
CCP1M1                            00000001
CCP1M2                            00000002
CCP1M3                            00000003
CCP1X                             00000005
CCP1Y                             00000004
CCP2A                             00000003
CCP2CON                           00000FBA
CCP2IE                            00000000
CCP2IF                            00000000
CCP2IP                            00000000
CCP2M0                            00000000
MPASM 5.54                      LABFINAL.ASM   12-24-2024  10:26:55         PAGE  5


SYMBOL TABLE
  LABEL                             VALUE 

CCP2M1                            00000001
CCP2M2                            00000002
CCP2M3                            00000003
CCP2X                             00000005
CCP2Y                             00000004
CCP2_DDRB                         00000003
CCP2_DDRC                         00000001
CCP2_PORTB                        00000003
CCP2_PORTC                        00000001
CCP2_TRISB                        00000003
CCP2_TRISC                        00000001
CCPR1                             00000FBE
CCPR1H                            00000FBF
CCPR1L                            00000FBE
CCPR2                             00000FBB
CCPR2H                            00000FBC
CCPR2L                            00000FBB
CFGS                              00000006
CHS0                              00000003
CHS1                              00000004
CHS2                              00000005
CK                                00000006
CKE                               00000006
CKP                               00000004
CLKO                              00000006
CREN                              00000004
CS                                00000002
CSRC                              00000007
D                                 00000005
DATA_ADDRESS                      00000005
DC                                00000001
DC1B0                             00000004
DC1B1                             00000005
DC2B0                             00000004
DC2B1                             00000005
DCCPX                             00000005
DDRA                              TRISA
DDRB                              TRISB
DDRC                              TRISC
DDRD                              TRISD
DDRE                              TRISE
DELAY_3S                          00000078
DELAY_4S                          00000088
DELAY_5S                          00000068
DELAY_COUNT                       00000021
DELAY_LOOP_3S                     0000007C
DELAY_LOOP_4S                     0000008C
DELAY_LOOP_5S                     0000006C
DONE                              00000002
D_A                               00000005
D_NOT_A                           00000005
EEADR                             00000FA9
EECON1                            00000FA6
MPASM 5.54                      LABFINAL.ASM   12-24-2024  10:26:55         PAGE  6


SYMBOL TABLE
  LABEL                             VALUE 

EECON2                            00000FA7
EEDATA                            00000FA8
EEIE                              00000004
EEIF                              00000004
EEIP                              00000004
EEPGD                             00000007
EMERGENCY_BUTTON                  00000F80
EMERGENCY_MODE                    00000050
FAST                              00000001
FERR                              00000002
FREE                              00000004
FSR0                              00000000
FSR0H                             00000FEA
FSR0L                             00000FE9
FSR1                              00000001
FSR1H                             00000FE2
FSR1L                             00000FE1
FSR2                              00000002
FSR2H                             00000FDA
FSR2L                             00000FD9
GCEN                              00000007
GIE                               00000007
GIEH                              00000007
GIEL                              00000006
GIE_GIEH                          00000007
GO                                00000002
GO_DONE                           00000002
GO_NOT_DONE                       00000002
GREEN_LIGHT                       00000F81
I2C_DAT                           00000005
I2C_DATA                          00000005
I2C_READ                          00000002
I2C_START                         00000003
I2C_STOP                          00000004
IBF                               00000007
IBOV                              00000005
INDF0                             00000FEF
INDF1                             00000FE7
INDF2                             00000FDF
INIT_TIMER0                       00000062
INT0                              00000000
INT0E                             00000004
INT0F                             00000001
INT0IE                            00000004
INT0IF                            00000001
INT1                              00000001
INT1E                             00000003
INT1F                             00000000
INT1IE                            00000003
INT1IF                            00000000
INT1IP                            00000006
INT1P                             00000006
INT2                              00000002
MPASM 5.54                      LABFINAL.ASM   12-24-2024  10:26:55         PAGE  7


SYMBOL TABLE
  LABEL                             VALUE 

INT2E                             00000004
INT2F                             00000001
INT2IE                            00000004
INT2IF                            00000001
INT2IP                            00000007
INT2P                             00000007
INTCON                            00000FF2
INTCON1                           00000FF2
INTCON2                           00000FF1
INTCON3                           00000FF0
INTEDG0                           00000006
INTEDG1                           00000005
INTEDG2                           00000004
IPEN                              00000007
IPR1                              00000F9F
IPR2                              00000FA2
IRVST                             00000005
ISR                               000000AE
LATA                              00000F89
LATA0                             00000000
LATA1                             00000001
LATA2                             00000002
LATA3                             00000003
LATA4                             00000004
LATA5                             00000005
LATA6                             00000006
LATB                              00000F8A
LATB0                             00000000
LATB1                             00000001
LATB2                             00000002
LATB3                             00000003
LATB4                             00000004
LATB5                             00000005
LATB6                             00000006
LATB7                             00000007
LATC                              00000F8B
LATC0                             00000000
LATC1                             00000001
LATC2                             00000002
LATC3                             00000003
LATC4                             00000004
LATC5                             00000005
LATC6                             00000006
LATC7                             00000007
LATD                              00000F8C
LATD0                             00000000
LATD1                             00000001
LATD2                             00000002
LATD3                             00000003
LATD4                             00000004
LATD5                             00000005
LATD6                             00000006
LATD7                             00000007
MPASM 5.54                      LABFINAL.ASM   12-24-2024  10:26:55         PAGE  8


SYMBOL TABLE
  LABEL                             VALUE 

LATE                              00000F8D
LATE0                             00000000
LATE1                             00000001
LATE2                             00000002
LVDCON                            00000FD2
LVDEN                             00000004
LVDIE                             00000002
LVDIF                             00000002
LVDIN                             00000005
LVDIP                             00000002
LVDL0                             00000000
LVDL1                             00000001
LVDL2                             00000002
LVDL3                             00000003
MAIN                              0000000C
N                                 00000004
NORMAL_SEQUENCE                   00000028
NOT_A                             00000005
NOT_ADDRESS                       00000005
NOT_BOR                           00000000
NOT_DONE                          00000002
NOT_IPEN                          00000007
NOT_PD                            00000002
NOT_POR                           00000001
NOT_RBPU                          00000007
NOT_RC8                           00000006
NOT_RI                            00000004
NOT_T1SYNC                        00000002
NOT_T3SYNC                        00000002
NOT_TO                            00000003
NOT_TX8                           00000006
NOT_W                             00000002
NOT_WRITE                         00000002
OBF                               00000006
OERR                              00000001
OSC2                              00000006
OSCCON                            00000FD3
OV                                00000003
P                                 00000004
PC                                00000FF9
PCFG0                             00000000
PCFG1                             00000001
PCFG2                             00000002
PCFG3                             00000003
PCL                               00000FF9
PCLATH                            00000FFA
PCLATU                            00000FFB
PD                                00000002
PEDESTRIAN_MODE                   00000044
PED_BUTTON                        00000F80
PED_SIGNAL                        00000F81
PEIE                              00000006
PEIE_GIEL                         00000006
MPASM 5.54                      LABFINAL.ASM   12-24-2024  10:26:55         PAGE  9


SYMBOL TABLE
  LABEL                             VALUE 

PEN                               00000002
PGC                               00000006
PGD                               00000007
PGM                               00000005
PIE1                              00000F9D
PIE2                              00000FA0
PIR1                              00000F9E
PIR2                              00000FA1
PLUSW0                            00000FEB
PLUSW1                            00000FE3
PLUSW2                            00000FDB
POR                               00000001
PORTA                             00000F80
PORTB                             00000F81
PORTC                             00000F82
PORTD                             00000F83
PORTE                             00000F84
POSTDEC0                          00000FED
POSTDEC1                          00000FE5
POSTDEC2                          00000FDD
POSTINC0                          00000FEE
POSTINC1                          00000FE6
POSTINC2                          00000FDE
PR2                               00000FCB
PREINC0                           00000FEC
PREINC1                           00000FE4
PREINC2                           00000FDC
PROD                              00000FF3
PRODH                             00000FF4
PRODL                             00000FF3
PSA                               00000003
PSP0                              00000000
PSP1                              00000001
PSP2                              00000002
PSP3                              00000003
PSP4                              00000004
PSP5                              00000005
PSP6                              00000006
PSP7                              00000007
PSPIE                             00000007
PSPIF                             00000007
PSPIP                             00000007
PSPMODE                           00000004
R                                 00000002
RA0                               00000000
RA1                               00000001
RA2                               00000002
RA3                               00000003
RA4                               00000004
RA5                               00000005
RA6                               00000006
RB0                               00000000
RB1                               00000001
MPASM 5.54                      LABFINAL.ASM   12-24-2024  10:26:55         PAGE 10


SYMBOL TABLE
  LABEL                             VALUE 

RB2                               00000002
RB3                               00000003
RB4                               00000004
RB5                               00000005
RB6                               00000006
RB7                               00000007
RBIE                              00000003
RBIF                              00000000
RBIP                              00000000
RBPU                              00000007
RC0                               00000000
RC1                               00000001
RC2                               00000002
RC3                               00000003
RC4                               00000004
RC5                               00000005
RC6                               00000006
RC7                               00000007
RC8_9                             00000006
RC9                               00000006
RCD8                              00000000
RCEN                              00000003
RCIE                              00000005
RCIF                              00000005
RCIP                              00000005
RCON                              00000FD0
RCREG                             00000FAE
RCSTA                             00000FAB
RD                                00000000
RD0                               00000000
RD1                               00000001
RD16                              00000007
RD2                               00000002
RD3                               00000003
RD4                               00000004
RD5                               00000005
RD6                               00000006
RD7                               00000007
RE0                               00000000
RE1                               00000001
RE2                               00000002
READ_WRITE                        00000002
RED_LIGHT                         00000F81
RI                                00000004
RSEN                              00000001
RX                                00000007
RX9                               00000006
RX9D                              00000000
R_NOT_W                           00000002
R_W                               00000002
S                                 00000003
SCK                               00000003
SCL                               00000003
MPASM 5.54                      LABFINAL.ASM   12-24-2024  10:26:55         PAGE 11


SYMBOL TABLE
  LABEL                             VALUE 

SCS                               00000000
SDA                               00000004
SDI                               00000004
SDO                               00000005
SEN                               00000000
SMP                               00000007
SP0                               00000000
SP1                               00000001
SP2                               00000002
SP3                               00000003
SP4                               00000004
SPBRG                             00000FAF
SPEN                              00000007
SREN                              00000005
SS                                00000005
SSPADD                            00000FC8
SSPBUF                            00000FC9
SSPCON1                           00000FC6
SSPCON2                           00000FC5
SSPEN                             00000005
SSPIE                             00000003
SSPIF                             00000003
SSPIP                             00000003
SSPM0                             00000000
SSPM1                             00000001
SSPM2                             00000002
SSPM3                             00000003
SSPOV                             00000006
SSPSTAT                           00000FC7
STATUS                            00000FD8
STKFUL                            00000007
STKOVF                            00000007
STKPTR                            00000FFC
STKPTR0                           00000000
STKPTR1                           00000001
STKPTR2                           00000002
STKPTR3                           00000003
STKPTR4                           00000004
STKUNF                            00000006
SWDTE                             00000000
SWDTEN                            00000000
SYNC                              00000004
T08BIT                            00000006
T0CKI                             00000004
T0CON                             00000FD5
T0CS                              00000005
T0IE                              00000005
T0IF                              00000002
T0IP                              00000002
T0PS0                             00000000
T0PS1                             00000001
T0PS2                             00000002
T0SE                              00000004
MPASM 5.54                      LABFINAL.ASM   12-24-2024  10:26:55         PAGE 12


SYMBOL TABLE
  LABEL                             VALUE 

T1CKI                             00000000
T1CKPS0                           00000004
T1CKPS1                           00000005
T1CON                             00000FCD
T1INSYNC                          00000002
T1OSCEN                           00000003
T1OSI                             00000001
T1OSO                             00000000
T1SYNC                            00000002
T2CKPS0                           00000000
T2CKPS1                           00000001
T2CON                             00000FCA
T3CCP1                            00000003
T3CCP2                            00000006
T3CKPS0                           00000004
T3CKPS1                           00000005
T3CON                             00000FB1
T3INSYNC                          00000002
T3SYNC                            00000002
TABLAT                            00000FF5
TBLPTR                            00000FF6
TBLPTRH                           00000FF7
TBLPTRL                           00000FF6
TBLPTRU                           00000FF8
TEMP                              00000020
TIMER_DELAY                       00000098
TMR0                              00000FD6
TMR0H                             00000FD7
TMR0IE                            00000005
TMR0IF                            00000002
TMR0IP                            00000002
TMR0L                             00000FD6
TMR0ON                            00000007
TMR1                              00000FCE
TMR1CS                            00000001
TMR1H                             00000FCF
TMR1IE                            00000000
TMR1IF                            00000000
TMR1IP                            00000000
TMR1L                             00000FCE
TMR1ON                            00000000
TMR2                              00000FCC
TMR2IE                            00000001
TMR2IF                            00000001
TMR2IP                            00000001
TMR2ON                            00000002
TMR3                              00000FB2
TMR3CS                            00000001
TMR3H                             00000FB3
TMR3IE                            00000001
TMR3IF                            00000001
TMR3IP                            00000001
TMR3L                             00000FB2
MPASM 5.54                      LABFINAL.ASM   12-24-2024  10:26:55         PAGE 13


SYMBOL TABLE
  LABEL                             VALUE 

TMR3ON                            00000000
TO                                00000003
TOS                               00000FFD
TOSH                              00000FFE
TOSL                              00000FFD
TOSU                              00000FFF
TOUTPS0                           00000003
TOUTPS1                           00000004
TOUTPS2                           00000005
TOUTPS3                           00000006
TRISA                             00000F92
TRISA0                            00000000
TRISA1                            00000001
TRISA2                            00000002
TRISA3                            00000003
TRISA4                            00000004
TRISA5                            00000005
TRISA6                            00000006
TRISB                             00000F93
TRISB0                            00000000
TRISB1                            00000001
TRISB2                            00000002
TRISB3                            00000003
TRISB4                            00000004
TRISB5                            00000005
TRISB6                            00000006
TRISB7                            00000007
TRISC                             00000F94
TRISC0                            00000000
TRISC1                            00000001
TRISC2                            00000002
TRISC3                            00000003
TRISC4                            00000004
TRISC5                            00000005
TRISC6                            00000006
TRISC7                            00000007
TRISD                             00000F95
TRISD0                            00000000
TRISD1                            00000001
TRISD2                            00000002
TRISD3                            00000003
TRISD4                            00000004
TRISD5                            00000005
TRISD6                            00000006
TRISD7                            00000007
TRISE                             00000F96
TRISE0                            00000000
TRISE1                            00000001
TRISE2                            00000002
TRMT                              00000001
TX                                00000006
TX8_9                             00000006
TX9                               00000006
MPASM 5.54                      LABFINAL.ASM   12-24-2024  10:26:55         PAGE 14


SYMBOL TABLE
  LABEL                             VALUE 

TX9D                              00000000
TXD8                              00000000
TXEN                              00000005
TXIE                              00000004
TXIF                              00000004
TXIP                              00000004
TXREG                             00000FAD
TXSTA                             00000FAC
UA                                00000001
VREFM                             00000002
VREFP                             00000003
W                                 00000000
WAIT_EMERGENCY                    00000058
WAIT_LOOP                         000000A4
WCOL                              00000007
WDTCON                            00000FD1
WR                                00000001
WREG                              00000FE8
WREN                              00000002
WRERR                             00000003
YELLOW_LIGHT                      00000F81
Z                                 00000002
_BORV_20                          000000FF
_BORV_20_2L                       000000FF
_BORV_27_2L                       000000FB
_BORV_42_2L                       000000F7
_BORV_45_2L                       000000F3
_BOR_OFF_2L                       000000FD
_BOR_ON_2L                        000000FF
_CCP2MX_OFF                       000000FE
_CCP2MX_OFF_3H                    000000FE
_CCP2MX_ON                        000000FF
_CCP2MX_ON_3H                     000000FF
_CONFIG1H                         00300001
_CONFIG2H                         00300003
_CONFIG2L                         00300002
_CONFIG3H                         00300005
_CONFIG4L                         00300006
_CONFIG5H                         00300009
_CONFIG5L                         00300008
_CONFIG6H                         0030000B
_CONFIG6L                         0030000A
_CONFIG7H                         0030000D
_CONFIG7L                         0030000C
_CP0_OFF_5L                       000000FF
_CP0_ON_5L                        000000FE
_CP1_OFF_5L                       000000FF
_CP1_ON_5L                        000000FD
_CP2_OFF_5L                       000000FF
_CP2_ON_5L                        000000FB
_CP3_OFF_5L                       000000FF
_CP3_ON_5L                        000000F7
_CPB_OFF_5H                       000000FF
MPASM 5.54                      LABFINAL.ASM   12-24-2024  10:26:55         PAGE 15


SYMBOL TABLE
  LABEL                             VALUE 

_CPB_ON_5H                        000000BF
_CPD_OFF_5H                       000000FF
_CPD_ON_5H                        0000007F
_DEBUG_OFF_4L                     000000FF
_DEBUG_ON_4L                      0000007F
_DEVID1                           003FFFFE
_DEVID2                           003FFFFF
_EBTR0_OFF_7L                     000000FF
_EBTR0_ON_7L                      000000FE
_EBTR1_OFF_7L                     000000FF
_EBTR1_ON_7L                      000000FD
_EBTR2_OFF_7L                     000000FF
_EBTR2_ON_7L                      000000FB
_EBTR3_OFF_7L                     000000FF
_EBTR3_ON_7L                      000000F7
_EBTRB_OFF_7H                     000000FF
_EBTRB_ON_7H                      000000BF
_ECIO_OSC                         000000FD
_ECIO_OSC_1H                      000000FD
_EC_OSC                           000000FC
_EC_OSC_1H                        000000FC
_HSPLL_OSC                        000000FE
_HSPLL_OSC_1H                     000000FE
_HS_OSC                           000000FA
_HS_OSC_1H                        000000FA
_IDLOC0                           00200000
_IDLOC1                           00200001
_IDLOC2                           00200002
_IDLOC3                           00200003
_IDLOC4                           00200004
_IDLOC5                           00200005
_IDLOC6                           00200006
_IDLOC7                           00200007
_LP_OSC                           000000F8
_LP_OSC_1H                        000000F8
_LVP_OFF_4L                       000000FB
_LVP_ON_4L                        000000FF
_OSCS_OFF_1H                      000000FF
_OSCS_ON_1H                       000000DF
_PWRT_OFF_2L                      000000FF
_PWRT_ON_2L                       000000FE
_RCIO_OSC                         000000FF
_RCIO_OSC_1H                      000000FF
_RC_OSC                           000000FB
_RC_OSC_1H                        000000FB
_STVR_OFF_4L                      000000FE
_STVR_ON_4L                       000000FF
_WDTPS_128_2H                     000000FF
_WDTPS_16_2H                      000000F9
_WDTPS_1_2H                       000000F1
_WDTPS_2_2H                       000000F3
_WDTPS_32_2H                      000000FB
_WDTPS_4_2H                       000000F5
MPASM 5.54                      LABFINAL.ASM   12-24-2024  10:26:55         PAGE 16


SYMBOL TABLE
  LABEL                             VALUE 

_WDTPS_64_2H                      000000FD
_WDTPS_8_2H                       000000F7
_WDT_OFF_2H                       000000FE
_WDT_ON_2H                        000000FF
_WRT0_OFF_6L                      000000FF
_WRT0_ON_6L                       000000FE
_WRT1_OFF_6L                      000000FF
_WRT1_ON_6L                       000000FD
_WRT2_OFF_6L                      000000FF
_WRT2_ON_6L                       000000FB
_WRT3_OFF_6L                      000000FF
_WRT3_ON_6L                       000000F7
_WRTB_OFF_6H                      000000FF
_WRTB_ON_6H                       000000BF
_WRTC_OFF_6H                      000000FF
_WRTC_ON_6H                       000000DF
_WRTD_OFF_6H                      000000FF
_WRTD_ON_6H                       0000007F
_XT_OSC                           000000F9
_XT_OSC_1H                        000000F9
__18F452                          00000001
__DEBUG                           1

Errors   :     0
Warnings :     4 reported,     0 suppressed
Messages :     0 reported,     0 suppressed

